app/build/outputs/logs/manifest-merger-debug-report.txt
-- Merging decision tree log ---
manifest
ADDED from src/main/AndroidManifest.xml:2:1-122:12
	package
		ADDED from src/main/AndroidManifest.xml:3:5-49
		INJECTED from src/main/AndroidManifest.xml
		INJECTED from src/main/AndroidManifest.xml
	android:versionName
		ADDED from src/main/AndroidManifest.xml:5:5-30
		INJECTED from src/main/AndroidManifest.xml
		INJECTED from src/main/AndroidManifest.xml
	android:versionCode
		ADDED from src/main/AndroidManifest.xml:4:5-28
		INJECTED from src/main/AndroidManifest.xml
		INJECTED from src/main/AndroidManifest.xml
	xmlns:android
		ADDED from src/main/AndroidManifest.xml:2:11-69
uses-sdk
ADDED from src/main/AndroidManifest.xml:7:5-9:41
MERGED from [com.android.support:appcompat-v7:24.2.1] AndroidManifest.xml:21:5-23:78
MERGED from [com.android.support:animated-vector-drawable:24.2.1] AndroidManifest.xml:20:5-44
MERGED from [com.android.support:support-vector-drawable:24.2.1] AndroidManifest.xml:21:5-43
MERGED from [com.android.support:support-v4:24.2.1] AndroidManifest.xml:21:5-23:54
MERGED from [com.android.support:support-fragment:24.2.1] AndroidManifest.xml:21:5-23:60
MERGED from [com.android.support:support-media-compat:24.2.1] AndroidManifest.xml:21:5-23:63
MERGED from [com.android.support:support-core-ui:24.2.1] AndroidManifest.xml:21:5-23:58
MERGED from [com.android.support:support-core-utils:24.2.1] AndroidManifest.xml:21:5-23:61
MERGED from [com.android.support:support-compat:24.2.1] AndroidManifest.xml:21:5-23:58
	tools:overrideLibrary
		ADDED from [com.android.support:appcompat-v7:24.2.1] AndroidManifest.xml:23:9-75
	android:targetSdkVersion
		ADDED from src/main/AndroidManifest.xml:9:9-38
		INJECTED from src/main/AndroidManifest.xml
		INJECTED from src/main/AndroidManifest.xml
	android:minSdkVersion
		ADDED from src/main/AndroidManifest.xml:8:9-34
		INJECTED from src/main/AndroidManifest.xml
		INJECTED from src/main/AndroidManifest.xml
uses-permission#android.permission.WRITE_EXTERNAL_STORAGE
ADDED from src/main/AndroidManifest.xml:11:5-81
	android:name
		ADDED from src/main/AndroidManifest.xml:11:22-78
uses-permission#android.permission.INTERNET
ADDED from src/main/AndroidManifest.xml:12:5-67
	android:name
		ADDED from src/main/AndroidManifest.xml:12:22-64
uses-permission#android.permission.ACCESS_NETWORK_STATE
ADDED from src/main/AndroidManifest.xml:13:5-79
	android:name
		ADDED from src/main/AndroidManifest.xml:13:22-76
uses-permission#android.permission.READ_EXTERNAL_STORAGE
ADDED from src/main/AndroidManifest.xml:14:5-80
	android:name
		ADDED from src/main/AndroidManifest.xml:14:22-77
uses-permission#android.permission.READ_INTERNAL_STORAGE
ADDED from src/main/AndroidManifest.xml:15:5-80
	android:name
		ADDED from src/main/AndroidManifest.xml:15:22-77
uses-permission#android.permission.WRITE_INTERNAL_STORAGE
ADDED from src/main/AndroidManifest.xml:16:5-81
	android:name
		ADDED from src/main/AndroidManifest.xml:16:22-78
application
ADDED from src/main/AndroidManifest.xml:19:5-120:19
MERGED from [com.android.support:appcompat-v7:24.2.1] AndroidManifest.xml:25:5-20
MERGED from [com.android.support:animated-vector-drawable:24.2.1] AndroidManifest.xml:22:5-20
MERGED from [com.android.support:support-vector-drawable:24.2.1] AndroidManifest.xml:23:5-20
MERGED from [com.android.support:support-v4:24.2.1] AndroidManifest.xml:25:5-20
MERGED from [com.android.support:support-fragment:24.2.1] AndroidManifest.xml:25:5-20
MERGED from [com.android.support:support-media-compat:24.2.1] AndroidManifest.xml:25:5-20
MERGED from [com.android.support:support-core-ui:24.2.1] AndroidManifest.xml:25:5-20
MERGED from [com.android.support:support-core-utils:24.2.1] AndroidManifest.xml:25:5-20
MERGED from [com.android.support:support-compat:24.2.1] AndroidManifest.xml:25:5-20
	android:label
		ADDED from src/main/AndroidManifest.xml:22:9-41
	android:allowBackup
		ADDED from src/main/AndroidManifest.xml:20:9-35
	android:icon
		ADDED from src/main/AndroidManifest.xml:21:9-45
	android:theme
		ADDED from src/main/AndroidManifest.xml:23:9-40
activity#com.example.precisionexperimentapp.LoginScreen
ADDED from src/main/AndroidManifest.xml:24:9-31:20
	android:label
		ADDED from src/main/AndroidManifest.xml:26:13-45
	android:name
		ADDED from src/main/AndroidManifest.xml:25:13-74
intent-filter#android.intent.action.MAIN+android.intent.category.LAUNCHER
ADDED from src/main/AndroidManifest.xml:27:13-30:29
action#android.intent.action.MAIN
ADDED from src/main/AndroidManifest.xml:28:17-69
	android:name
		ADDED from src/main/AndroidManifest.xml:28:25-66
category#android.intent.category.LAUNCHER
ADDED from src/main/AndroidManifest.xml:29:17-77
	android:name
		ADDED from src/main/AndroidManifest.xml:29:27-74
activity#com.example.precisionexperimentapp.FingerCalibInstructions
ADDED from src/main/AndroidManifest.xml:33:10-38:20
	android:name
		ADDED from src/main/AndroidManifest.xml:33:20-93
intent-filter#android.intent.action.FingerCalibInstructions+android.intent.category.DEFAULT
ADDED from src/main/AndroidManifest.xml:34:13-37:29
action#android.intent.action.FingerCalibInstructions
ADDED from src/main/AndroidManifest.xml:35:17-88
	android:name
		ADDED from src/main/AndroidManifest.xml:35:25-85
category#android.intent.category.DEFAULT
ADDED from src/main/AndroidManifest.xml:36:17-75
	android:name
		ADDED from src/main/AndroidManifest.xml:36:27-73
activity#com.example.precisionexperimentapp.TwoDCalibTask
ADDED from src/main/AndroidManifest.xml:41:9-46:20
	android:name
		ADDED from src/main/AndroidManifest.xml:41:19-82
activity#com.example.precisionexperimentapp.TwoDCalibInstructions
ADDED from src/main/AndroidManifest.xml:48:9-53:20
	android:name
		ADDED from src/main/AndroidManifest.xml:48:19-90
activity#com.example.precisionexperimentapp.TwoDCalibToTwoDTask
ADDED from src/main/AndroidManifest.xml:55:9-60:20
	android:name
		ADDED from src/main/AndroidManifest.xml:55:19-88
activity#com.example.precisionexperimentapp.FingerCalibTask
ADDED from src/main/AndroidManifest.xml:63:9-68:20
	android:name
		ADDED from src/main/AndroidManifest.xml:63:19-84
intent-filter#android.intent.action.FingerCalibTask+android.intent.category.DEFAULT
ADDED from src/main/AndroidManifest.xml:64:13-67:29
action#android.intent.action.FingerCalibTask
ADDED from src/main/AndroidManifest.xml:65:17-80
	android:name
		ADDED from src/main/AndroidManifest.xml:65:25-77
activity#com.example.precisionexperimentapp.FingerCalibToTwoDCalib
ADDED from src/main/AndroidManifest.xml:70:9-75:20
	android:name
		ADDED from src/main/AndroidManifest.xml:70:19-91
activity#com.example.precisionexperimentapp.NextBlockFingerCalib
ADDED from src/main/AndroidManifest.xml:77:9-82:20
	android:name
		ADDED from src/main/AndroidManifest.xml:77:19-89
activity#com.example.precisionexperimentapp.TwoDFittsTask
ADDED from src/main/AndroidManifest.xml:84:9-89:20
	android:name
		ADDED from src/main/AndroidManifest.xml:84:19-82
activity#com.example.precisionexperimentapp.TwoDInstructions
ADDED from src/main/AndroidManifest.xml:91:9-96:20
	android:name
		ADDED from src/main/AndroidManifest.xml:91:19-85
activity#com.example.precisionexperimentapp.LastScreen
ADDED from src/main/AndroidManifest.xml:99:9-104:20
	android:name
		ADDED from src/main/AndroidManifest.xml:99:19-79
activity#com.example.precisionexperimentapp.NextBlockTwoD
ADDED from src/main/AndroidManifest.xml:107:9-112:20
	android:name
		ADDED from src/main/AndroidManifest.xml:107:19-82
activity#com.example.precisionexperimentapp.FFittsAndroidApp.blank
ADDED from src/main/AndroidManifest.xml:114:9-119:20
	android:name
		ADDED from src/main/AndroidManifest.xml:114:19-57